<?xml version="1.0" encoding="UTF-8"?>
<testsuite name="hse.kpo.FacadeTest" tests="1" skipped="0" failures="0" errors="0" timestamp="2025-03-21T20:06:50" hostname="krakazabra-BRN-GXXX" time="1.091">
  <properties/>
  <testcase name="BankFacadeTest" classname="hse.kpo.FacadeTest" time="1.091"/>
  <system-out><![CDATA[23:06:47.428 [Test worker] INFO org.springframework.test.context.support.AnnotationConfigContextLoaderUtils -- Could not detect default configuration classes for test class [hse.kpo.FacadeTest]: FacadeTest does not declare any static, non-private, non-final, nested classes annotated with @Configuration.
23:06:47.761 [Test worker] INFO org.springframework.boot.test.context.SpringBootTestContextBootstrapper -- Found @SpringBootConfiguration hse.kpo.App for test class hse.kpo.FacadeTest
2025-03-21T23:06:49.002+03:00  INFO 232786 --- [kpo] [    Test worker] hse.kpo.FacadeTest                       : Starting FacadeTest using Java 21.0.6 with PID 232786 (started by krakazabra in /home/krakazabra/work/kpo/practise-8)
2025-03-21T23:06:49.009+03:00  INFO 232786 --- [kpo] [    Test worker] hse.kpo.FacadeTest                       : No active profile set, falling back to 1 default profile: "default"
2025-03-21T23:06:50.052+03:00  INFO 232786 --- [kpo] [    Test worker] hse.kpo.FacadeTest                       : Started FacadeTest in 1.763 seconds (process running for 4.554)
Id(id=0)
Id(id=1)
Id(id=0)
]]></system-out>
  <system-err><![CDATA[Mockito is currently self-attaching to enable the inline-mock-maker. This will no longer work in future releases of the JDK. Please add Mockito as an agent to your build what is described in Mockito's documentation: https://javadoc.io/doc/org.mockito/mockito-core/latest/org/mockito/Mockito.html#0.3
WARNING: A Java agent has been loaded dynamically (/home/krakazabra/.gradle/caches/modules-2/files-2.1/net.bytebuddy/byte-buddy-agent/1.15.11/a38b16385e867f59a641330f0362ebe742788ed8/byte-buddy-agent-1.15.11.jar)
WARNING: If a serviceability tool is in use, please run with -XX:+EnableDynamicAgentLoading to hide this warning
WARNING: If a serviceability tool is not in use, please run with -Djdk.instrument.traceUsage for more information
WARNING: Dynamic loading of agents will be disallowed by default in a future release
]]></system-err>
</testsuite>
